# JRE version: OpenJDK Runtime Environment (8.0_152-b11) (build 1.8.0_152-release-1024-b11)
# Java VM: OpenJDK 64-Bit Server VM (25.152-b11 mixed mode windows-amd64 compressed oops)
Heap:
 PSYoungGen      total 116224K, used 51152K [0x00000000d5d00000, 0x00000000de280000, 0x0000000100000000)
  eden space 95744K, 45% used [0x00000000d5d00000,0x00000000d87357b0,0x00000000dba80000)
  from space 20480K, 38% used [0x00000000dba80000,0x00000000dc23ea20,0x00000000dce80000)
  to   space 19968K, 0% used [0x00000000dcf00000,0x00000000dcf00000,0x00000000de280000)
 ParOldGen       total 50176K, used 26113K [0x0000000081600000, 0x0000000084700000, 0x00000000d5d00000)
  object space 50176K, 52% used [0x0000000081600000,0x0000000082f807c8,0x0000000084700000)
 Metaspace       used 36448K, capacity 37120K, committed 37504K, reserved 1083392K
  class space    used 4245K, capacity 4462K, committed 4480K, reserved 1048576K
GC Heap History (10 events):
Event: 41.965 GC heap before
{Heap before GC invocations=22 (full 2):
 PSYoungGen      total 83456K, used 10726K [0x00000000d5d00000, 0x00000000dbb80000, 0x0000000100000000)
  eden space 72704K, 0% used [0x00000000d5d00000,0x00000000d5d00000,0x00000000da400000)
  from space 10752K, 99% used [0x00000000daf00000,0x00000000db979a78,0x00000000db980000)
  to   space 11264K, 0% used [0x00000000da400000,0x00000000da400000,0x00000000daf00000)
 ParOldGen       total 50176K, used 45690K [0x0000000081600000, 0x0000000084700000, 0x00000000d5d00000)
  object space 50176K, 91% used [0x0000000081600000,0x000000008429eb18,0x0000000084700000)
 Metaspace       used 24276K, capacity 24974K, committed 25216K, reserved 1071104K
  class space    used 2749K, capacity 2935K, committed 2944K, reserved 1048576K
Event: 42.104 GC heap after
Heap after GC invocations=22 (full 2):
 PSYoungGen      total 83456K, used 0K [0x00000000d5d00000, 0x00000000dbb80000, 0x0000000100000000)
  eden space 72704K, 0% used [0x00000000d5d00000,0x00000000d5d00000,0x00000000da400000)
  from space 10752K, 0% used [0x00000000daf00000,0x00000000daf00000,0x00000000db980000)
  to   space 11264K, 0% used [0x00000000da400000,0x00000000da400000,0x00000000daf00000)
 ParOldGen       total 50176K, used 39824K [0x0000000081600000, 0x0000000084700000, 0x00000000d5d00000)
  object space 50176K, 79% used [0x0000000081600000,0x0000000083ce4108,0x0000000084700000)
 Metaspace       used 24276K, capacity 24974K, committed 25216K, reserved 1071104K
  class space    used 2749K, capacity 2935K, committed 2944K, reserved 1048576K
}
Event: 42.548 GC heap before
{Heap before GC invocations=23 (full 2):
 PSYoungGen      total 83456K, used 72704K [0x00000000d5d00000, 0x00000000dbb80000, 0x0000000100000000)
  eden space 72704K, 100% used [0x00000000d5d00000,0x00000000da400000,0x00000000da400000)
  from space 10752K, 0% used [0x00000000daf00000,0x00000000daf00000,0x00000000db980000)
  to   space 11264K, 0% used [0x00000000da400000,0x00000000da400000,0x00000000daf00000)
 ParOldGen       total 50176K, used 39824K [0x0000000081600000, 0x0000000084700000, 0x00000000d5d00000)
  object space 50176K, 79% used [0x0000000081600000,0x0000000083ce4108,0x0000000084700000)
 Metaspace       used 24277K, capacity 24974K, committed 25216K, reserved 1071104K
  class space    used 2749K, capacity 2935K, committed 2944K, reserved 1048576K
Event: 42.564 GC heap after
Heap after GC invocations=23 (full 2):
 PSYoungGen      total 83968K, used 11235K [0x00000000d5d00000, 0x00000000de300000, 0x0000000100000000)
  eden space 72704K, 0% used [0x00000000d5d00000,0x00000000d5d00000,0x00000000da400000)
  from space 11264K, 99% used [0x00000000da400000,0x00000000daef8ce0,0x00000000daf00000)
  to   space 20480K, 0% used [0x00000000dcf00000,0x00000000dcf00000,0x00000000de300000)
 ParOldGen       total 50176K, used 42915K [0x0000000081600000, 0x0000000084700000, 0x00000000d5d00000)
  object space 50176K, 85% used [0x0000000081600000,0x0000000083fe8d78,0x0000000084700000)
 Metaspace       used 24277K, capacity 24974K, committed 25216K, reserved 1071104K
  class space    used 2749K, capacity 2935K, committed 2944K, reserved 1048576K
}
Event: 43.717 GC heap before
{Heap before GC invocations=24 (full 2):
 PSYoungGen      total 83968K, used 83939K [0x00000000d5d00000, 0x00000000de300000, 0x0000000100000000)
  eden space 72704K, 100% used [0x00000000d5d00000,0x00000000da400000,0x00000000da400000)
  from space 11264K, 99% used [0x00000000da400000,0x00000000daef8ce0,0x00000000daf00000)
  to   space 20480K, 0% used [0x00000000dcf00000,0x00000000dcf00000,0x00000000de300000)
 ParOldGen       total 50176K, used 42915K [0x0000000081600000, 0x0000000084700000, 0x00000000d5d00000)
  object space 50176K, 85% used [0x0000000081600000,0x0000000083fe8d78,0x0000000084700000)
 Metaspace       used 29753K, capacity 30482K, committed 30848K, reserved 1077248K
  class space    used 3404K, capacity 3621K, committed 3712K, reserved 1048576K
Event: 43.732 GC heap after
Heap after GC invocations=24 (full 2):
 PSYoungGen      total 115712K, used 7669K [0x00000000d5d00000, 0x00000000de280000, 0x0000000100000000)
  eden space 95744K, 0% used [0x00000000d5d00000,0x00000000d5d00000,0x00000000dba80000)
  from space 19968K, 38% used [0x00000000dcf00000,0x00000000dd67d500,0x00000000de280000)
  to   space 20480K, 0% used [0x00000000dba80000,0x00000000dba80000,0x00000000dce80000)
 ParOldGen       total 50176K, used 46981K [0x0000000081600000, 0x0000000084700000, 0x00000000d5d00000)
  object space 50176K, 93% used [0x0000000081600000,0x00000000843e17a0,0x0000000084700000)
 Metaspace       used 29753K, capacity 30482K, committed 30848K, reserved 1077248K
  class space    used 3404K, capacity 3621K, committed 3712K, reserved 1048576K
}
Event: 43.732 GC heap before
{Heap before GC invocations=25 (full 3):
 PSYoungGen      total 115712K, used 7669K [0x00000000d5d00000, 0x00000000de280000, 0x0000000100000000)
  eden space 95744K, 0% used [0x00000000d5d00000,0x00000000d5d00000,0x00000000dba80000)
  from space 19968K, 38% used [0x00000000dcf00000,0x00000000dd67d500,0x00000000de280000)
  to   space 20480K, 0% used [0x00000000dba80000,0x00000000dba80000,0x00000000dce80000)
 ParOldGen       total 50176K, used 46981K [0x0000000081600000, 0x0000000084700000, 0x00000000d5d00000)
  object space 50176K, 93% used [0x0000000081600000,0x00000000843e17a0,0x0000000084700000)
 Metaspace       used 29753K, capacity 30482K, committed 30848K, reserved 1077248K
  class space    used 3404K, capacity 3621K, committed 3712K, reserved 1048576K
Event: 44.007 GC heap after
Heap after GC invocations=25 (full 3):
 PSYoungGen      total 115712K, used 0K [0x00000000d5d00000, 0x00000000de280000, 0x0000000100000000)
  eden space 95744K, 0% used [0x00000000d5d00000,0x00000000d5d00000,0x00000000dba80000)
  from space 19968K, 0% used [0x00000000dcf00000,0x00000000dcf00000,0x00000000de280000)
  to   space 20480K, 0% used [0x00000000dba80000,0x00000000dba80000,0x00000000dce80000)
 ParOldGen       total 50176K, used 26105K [0x0000000081600000, 0x0000000084700000, 0x00000000d5d00000)
  object space 50176K, 52% used [0x0000000081600000,0x0000000082f7e7c8,0x0000000084700000)
 Metaspace       used 29753K, capacity 30482K, committed 30848K, reserved 1077248K
  class space    used 3404K, capacity 3621K, committed 3712K, reserved 1048576K
}
Event: 45.479 GC heap before
{Heap before GC invocations=26 (full 3):
 PSYoungGen      total 115712K, used 95744K [0x00000000d5d00000, 0x00000000de280000, 0x0000000100000000)
  eden space 95744K, 100% used [0x00000000d5d00000,0x00000000dba80000,0x00000000dba80000)
  from space 19968K, 0% used [0x00000000dcf00000,0x00000000dcf00000,0x00000000de280000)
  to   space 20480K, 0% used [0x00000000dba80000,0x00000000dba80000,0x00000000dce80000)
 ParOldGen       total 50176K, used 26105K [0x0000000081600000, 0x0000000084700000, 0x00000000d5d00000)
  object space 50176K, 52% used [0x0000000081600000,0x0000000082f7e7c8,0x0000000084700000)
 Metaspace       used 35087K, capacity 35772K, committed 36096K, reserved 1081344K
  class space    used 4077K, capacity 4296K, committed 4352K, reserved 1048576K
Event: 45.497 GC heap after
Heap after GC invocations=26 (full 3):
 PSYoungGen      total 116224K, used 7930K [0x00000000d5d00000, 0x00000000de280000, 0x0000000100000000)
  eden space 95744K, 0% used [0x00000000d5d00000,0x00000000d5d00000,0x00000000dba80000)
  from space 20480K, 38% used [0x00000000dba80000,0x00000000dc23ea20,0x00000000dce80000)
  to   space 19968K, 0% used [0x00000000dcf00000,0x00000000dcf00000,0x00000000de280000)
 ParOldGen       total 50176K, used 26113K [0x0000000081600000, 0x0000000084700000, 0x00000000d5d00000)
  object space 50176K, 52% used [0x0000000081600000,0x0000000082f807c8,0x0000000084700000)
 Metaspace       used 35087K, capacity 35772K, committed 36096K, reserved 1081344K
  class space    used 4077K, capacity 4296K, committed 4352K, reserved 1048576K
}

